<?xml version="1.0" encoding="UTF-8"?>
<!-- Generated by org.testng.reporters.JUnitReportReporter -->
<testsuite skipped="0" hostname="Praveenas-MacBook-Pro.local" name="com.salesforce.runner.SalesforceLoginRunner" tests="6" failures="0" timestamp="2022-02-24T23:57:19 PST" time="37.190" errors="0">
  <testcase name="runScenario" time="4.998" classname="com.salesforce.runner.SalesforceLoginRunner"/>
  <system-out/>
  <testcase name="runScenario" time="6.581" classname="com.salesforce.runner.SalesforceLoginRunner"/>
  <system-out/>
  <testcase name="runScenario" time="4.376" classname="com.salesforce.runner.SalesforceLoginRunner"/>
  <system-out/>
  <testcase name="runScenario" time="3.664" classname="com.salesforce.runner.SalesforceLoginRunner"/>
  <system-out/>
  <testcase name="runScenario" time="9.732" classname="com.salesforce.runner.SalesforceLoginRunner"/>
  <system-out/>
  <testcase name="runScenario" time="7.839" classname="com.salesforce.runner.SalesforceLoginRunner"/>
  <system-out/>
</testsuite> <!-- com.salesforce.runner.SalesforceLoginRunner -->
